[18.12.2024 14:08:57,55] Running botid.py 
Loaded .env file from: D:\Scripts\analyse\Telemark\Python\token.env
X_FUNCTIONS_KEY loaded successfully.
Loaded .env file from: D:\Scripts\analyse\Telemark\Python\token.env
GITHUB_TOKEN loaded successfully.
Botid CSV data loaded successfully.
[2024-12-18 14:08:59] Identified key columns: Kommune, Botid i Norge, Kommunenummer, År, Verdensregion
[2024-12-18 14:08:59] Value columns to compare: Antall

Traceback (most recent call last):
  File "C:\Users\_eve1509\AppData\Local\anaconda3\envs\analyse\lib\site-packages\pandas\core\indexes\range.py", line 345, in get_loc
    return self._range.index(new_key)
ValueError: 15717 is not in range

The above exception was the direct cause of the following exception:

Traceback (most recent call last):
  File "D:\Scripts\analyse\Telemark\Python\Queries\09_Innvandrere_og_inkludering\Innvandrerbefolkningen\botid.py", line 127, in <module>
    is_new_data = compare_to_github(df, file_name, github_folder, temp_folder)
  File "D:\Scripts\analyse\Telemark\Python\Helper_scripts\github_functions.py", line 319, in compare_to_github
    old_row = existing_df.loc[idx]
  File "C:\Users\_eve1509\AppData\Local\anaconda3\envs\analyse\lib\site-packages\pandas\core\indexing.py", line 1103, in __getitem__
    return self._getitem_axis(maybe_callable, axis=axis)
  File "C:\Users\_eve1509\AppData\Local\anaconda3\envs\analyse\lib\site-packages\pandas\core\indexing.py", line 1343, in _getitem_axis
    return self._get_label(key, axis=axis)
  File "C:\Users\_eve1509\AppData\Local\anaconda3\envs\analyse\lib\site-packages\pandas\core\indexing.py", line 1293, in _get_label
    return self.obj.xs(label, axis=axis)
  File "C:\Users\_eve1509\AppData\Local\anaconda3\envs\analyse\lib\site-packages\pandas\core\generic.py", line 4095, in xs
    loc = index.get_loc(key)
  File "C:\Users\_eve1509\AppData\Local\anaconda3\envs\analyse\lib\site-packages\pandas\core\indexes\range.py", line 347, in get_loc
    raise KeyError(key) from err
KeyError: 15717
[18.12.2024 14:09:00,34] Script failed with error code 1 
