Loaded .env file from: C:\Users\eve1509\OneDrive - Telemark fylkeskommune\Github\Telemark\Python\token.env

X_FUNCTIONS_KEY loaded successfully.

Loaded .env file from: C:\Users\eve1509\OneDrive - Telemark fylkeskommune\Github\Telemark\Python\token.env

GITHUB_TOKEN loaded successfully.

Error occurred: The truth value of a DataFrame is ambiguous. Use a.empty, a.bool(), a.item(), a.any() or a.all().

All requests were successful. No email sent.



Errors:
Traceback (most recent call last):

  File "C:\Users\eve1509\OneDrive - Telemark fylkeskommune\Github\Telemark\Python\Queries/04_Klima_og_energi/Kraft og energi/Strompriser/strompriser.py", line 198, in <module>

    if existing_content:

  File "C:\Users\eve1509\.conda\envs\analyse\lib\site-packages\pandas\core\generic.py", line 1466, in __nonzero__

    raise ValueError(

ValueError: The truth value of a DataFrame is ambiguous. Use a.empty, a.bool(), a.item(), a.any() or a.all().



During handling of the above exception, another exception occurred:



Traceback (most recent call last):

  File "C:\Users\eve1509\OneDrive - Telemark fylkeskommune\Github\Telemark\Python\Queries/04_Klima_og_energi/Kraft og energi/Strompriser/strompriser.py", line 289, in <module>

    raise RuntimeError(

RuntimeError: A critical error occurred during execution, stopping script.


ERROR conda.cli.main_run:execute(124): `conda run python C:\Users\eve1509\OneDrive - Telemark fylkeskommune\Github\Telemark\Python\Queries/04_Klima_og_energi/Kraft og energi/Strompriser/strompriser.py` failed. (See above for error)
